# JRE version: Java(TM) SE Runtime Environment (8.0_151-b12) (build 1.8.0_151-b12)
# Java VM: Java HotSpot(TM) 64-Bit Server VM (25.151-b12 mixed mode bsd-amd64 compressed oops)
Heap:
 PSYoungGen      total 408576K, used 134682K [0x000000076ab00000, 0x0000000785d00000, 0x00000007c0000000)
  eden space 391168K, 32% used [0x000000076ab00000,0x00000007727297f8,0x0000000782900000)
  from space 17408K, 43% used [0x0000000784c00000,0x000000078535d068,0x0000000785d00000)
  to   space 26624K, 0% used [0x0000000782900000,0x0000000782900000,0x0000000784300000)
 ParOldGen       total 200704K, used 42805K [0x00000006c0000000, 0x00000006cc400000, 0x000000076ab00000)
  object space 200704K, 21% used [0x00000006c0000000,0x00000006c29cd7f0,0x00000006cc400000)
 Metaspace       used 39939K, capacity 40603K, committed 40744K, reserved 1085440K
  class space    used 5303K, capacity 5492K, committed 5504K, reserved 1048576K
GC Heap History (10 events):
Event: 8.534 GC heap before
{Heap before GC invocations=8 (full 1):
 PSYoungGen      total 213504K, used 213147K [0x000000076ab00000, 0x000000077cd00000, 0x00000007c0000000)
  eden space 205824K, 100% used [0x000000076ab00000,0x0000000777400000,0x0000000777400000)
  from space 7680K, 95% used [0x000000077c580000,0x000000077cca6ed8,0x000000077cd00000)
  to   space 28160K, 0% used [0x0000000779600000,0x0000000779600000,0x000000077b180000)
 ParOldGen       total 141312K, used 33947K [0x00000006c0000000, 0x00000006c8a00000, 0x000000076ab00000)
  object space 141312K, 24% used [0x00000006c0000000,0x00000006c2126f28,0x00000006c8a00000)
 Metaspace       used 28148K, capacity 28546K, committed 28928K, reserved 1075200K
  class space    used 3653K, capacity 3793K, committed 3840K, reserved 1048576K
Event: 8.542 GC heap after
Heap after GC invocations=8 (full 1):
 PSYoungGen      total 268800K, used 9365K [0x000000076ab00000, 0x0000000781480000, 0x00000007c0000000)
  eden space 240640K, 0% used [0x000000076ab00000,0x000000076ab00000,0x0000000779600000)
  from space 28160K, 33% used [0x0000000779600000,0x0000000779f25428,0x000000077b180000)
  to   space 28160K, 0% used [0x000000077f900000,0x000000077f900000,0x0000000781480000)
 ParOldGen       total 141312K, used 33955K [0x00000006c0000000, 0x00000006c8a00000, 0x000000076ab00000)
  object space 141312K, 24% used [0x00000006c0000000,0x00000006c2128f28,0x00000006c8a00000)
 Metaspace       used 28148K, capacity 28546K, committed 28928K, reserved 1075200K
  class space    used 3653K, capacity 3793K, committed 3840K, reserved 1048576K
}
Event: 9.583 GC heap before
{Heap before GC invocations=9 (full 1):
 PSYoungGen      total 268800K, used 250005K [0x000000076ab00000, 0x0000000781480000, 0x00000007c0000000)
  eden space 240640K, 100% used [0x000000076ab00000,0x0000000779600000,0x0000000779600000)
  from space 28160K, 33% used [0x0000000779600000,0x0000000779f25428,0x000000077b180000)
  to   space 28160K, 0% used [0x000000077f900000,0x000000077f900000,0x0000000781480000)
 ParOldGen       total 141312K, used 33955K [0x00000006c0000000, 0x00000006c8a00000, 0x000000076ab00000)
  object space 141312K, 24% used [0x00000006c0000000,0x00000006c2128f28,0x00000006c8a00000)
 Metaspace       used 30608K, capacity 31054K, committed 31360K, reserved 1077248K
  class space    used 4037K, capacity 4179K, committed 4224K, reserved 1048576K
Event: 9.591 GC heap after
Heap after GC invocations=9 (full 1):
 PSYoungGen      total 342528K, used 8377K [0x000000076ab00000, 0x0000000783c80000, 0x00000007c0000000)
  eden space 314368K, 0% used [0x000000076ab00000,0x000000076ab00000,0x000000077de00000)
  from space 28160K, 29% used [0x000000077f900000,0x000000078012e6f0,0x0000000781480000)
  to   space 27648K, 0% used [0x000000077de00000,0x000000077de00000,0x000000077f900000)
 ParOldGen       total 141312K, used 33963K [0x00000006c0000000, 0x00000006c8a00000, 0x000000076ab00000)
  object space 141312K, 24% used [0x00000006c0000000,0x00000006c212af28,0x00000006c8a00000)
 Metaspace       used 30608K, capacity 31054K, committed 31360K, reserved 1077248K
  class space    used 4037K, capacity 4179K, committed 4224K, reserved 1048576K
}
Event: 11.211 GC heap before
{Heap before GC invocations=10 (full 1):
 PSYoungGen      total 342528K, used 304857K [0x000000076ab00000, 0x0000000783c80000, 0x00000007c0000000)
  eden space 314368K, 94% used [0x000000076ab00000,0x000000077cc87f90,0x000000077de00000)
  from space 28160K, 29% used [0x000000077f900000,0x000000078012e6f0,0x0000000781480000)
  to   space 27648K, 0% used [0x000000077de00000,0x000000077de00000,0x000000077f900000)
 ParOldGen       total 141312K, used 33963K [0x00000006c0000000, 0x00000006c8a00000, 0x000000076ab00000)
  object space 141312K, 24% used [0x00000006c0000000,0x00000006c212af28,0x00000006c8a00000)
 Metaspace       used 34796K, capacity 35216K, committed 35496K, reserved 1079296K
  class space    used 4686K, capacity 4832K, committed 4864K, reserved 1048576K
Event: 11.229 GC heap after
Heap after GC invocations=10 (full 1):
 PSYoungGen      total 342016K, used 12062K [0x000000076ab00000, 0x0000000786600000, 0x00000007c0000000)
  eden space 314368K, 0% used [0x000000076ab00000,0x000000076ab00000,0x000000077de00000)
  from space 27648K, 43% used [0x000000077de00000,0x000000077e9c79d0,0x000000077f900000)
  to   space 26624K, 0% used [0x0000000784c00000,0x0000000784c00000,0x0000000786600000)
 ParOldGen       total 141312K, used 33971K [0x00000006c0000000, 0x00000006c8a00000, 0x000000076ab00000)
  object space 141312K, 24% used [0x00000006c0000000,0x00000006c212cf28,0x00000006c8a00000)
 Metaspace       used 34796K, capacity 35216K, committed 35496K, reserved 1079296K
  class space    used 4686K, capacity 4832K, committed 4864K, reserved 1048576K
}
Event: 11.229 GC heap before
{Heap before GC invocations=11 (full 2):
 PSYoungGen      total 342016K, used 12062K [0x000000076ab00000, 0x0000000786600000, 0x00000007c0000000)
  eden space 314368K, 0% used [0x000000076ab00000,0x000000076ab00000,0x000000077de00000)
  from space 27648K, 43% used [0x000000077de00000,0x000000077e9c79d0,0x000000077f900000)
  to   space 26624K, 0% used [0x0000000784c00000,0x0000000784c00000,0x0000000786600000)
 ParOldGen       total 141312K, used 33971K [0x00000006c0000000, 0x00000006c8a00000, 0x000000076ab00000)
  object space 141312K, 24% used [0x00000006c0000000,0x00000006c212cf28,0x00000006c8a00000)
 Metaspace       used 34796K, capacity 35216K, committed 35496K, reserved 1079296K
  class space    used 4686K, capacity 4832K, committed 4864K, reserved 1048576K
Event: 11.331 GC heap after
Heap after GC invocations=11 (full 2):
 PSYoungGen      total 342016K, used 0K [0x000000076ab00000, 0x0000000786600000, 0x00000007c0000000)
  eden space 314368K, 0% used [0x000000076ab00000,0x000000076ab00000,0x000000077de00000)
  from space 27648K, 0% used [0x000000077de00000,0x000000077de00000,0x000000077f900000)
  to   space 26624K, 0% used [0x0000000784c00000,0x0000000784c00000,0x0000000786600000)
 ParOldGen       total 200704K, used 42797K [0x00000006c0000000, 0x00000006cc400000, 0x000000076ab00000)
  object space 200704K, 21% used [0x00000006c0000000,0x00000006c29cb7f0,0x00000006cc400000)
 Metaspace       used 34796K, capacity 35216K, committed 35496K, reserved 1079296K
  class space    used 4686K, capacity 4832K, committed 4864K, reserved 1048576K
}
Event: 12.538 GC heap before
{Heap before GC invocations=12 (full 2):
 PSYoungGen      total 342016K, used 314368K [0x000000076ab00000, 0x0000000786600000, 0x00000007c0000000)
  eden space 314368K, 100% used [0x000000076ab00000,0x000000077de00000,0x000000077de00000)
  from space 27648K, 0% used [0x000000077de00000,0x000000077de00000,0x000000077f900000)
  to   space 26624K, 0% used [0x0000000784c00000,0x0000000784c00000,0x0000000786600000)
 ParOldGen       total 200704K, used 42797K [0x00000006c0000000, 0x00000006cc400000, 0x000000076ab00000)
  object space 200704K, 21% used [0x00000006c0000000,0x00000006c29cb7f0,0x00000006cc400000)
 Metaspace       used 37836K, capacity 38473K, committed 38696K, reserved 1083392K
  class space    used 5000K, capacity 5169K, committed 5248K, reserved 1048576K
Event: 12.550 GC heap after
Heap after GC invocations=12 (full 2):
 PSYoungGen      total 408576K, used 7540K [0x000000076ab00000, 0x0000000785d00000, 0x00000007c0000000)
  eden space 391168K, 0% used [0x000000076ab00000,0x000000076ab00000,0x0000000782900000)
  from space 17408K, 43% used [0x0000000784c00000,0x000000078535d068,0x0000000785d00000)
  to   space 26624K, 0% used [0x0000000782900000,0x0000000782900000,0x0000000784300000)
 ParOldGen       total 200704K, used 42805K [0x00000006c0000000, 0x00000006cc400000, 0x000000076ab00000)
  object space 200704K, 21% used [0x00000006c0000000,0x00000006c29cd7f0,0x00000006cc400000)
 Metaspace       used 37836K, capacity 38473K, committed 38696K, reserved 1083392K
  class space    used 5000K, capacity 5169K, committed 5248K, reserved 1048576K
}

